[11-Dec-2015 17:40:53 PRC] PHP Warning:  include(D:\webapp\phpdocs\app\..\sys\autoload\loadpath.php): failed to open stream: No such file or directory in D:\webapp\phpdocs\sys\autoload\functions.php on line 11
[11-Dec-2015 17:40:53 PRC] PHP Warning:  include(): Failed opening 'D:\webapp\phpdocs\app\..\sys\autoload\loadpath.php' for inclusion (include_path='.;C:\php\pear') in D:\webapp\phpdocs\sys\autoload\functions.php on line 11
[11-Dec-2015 17:40:53 PRC] PHP Warning:  array_merge(): Argument #2 is not an array in D:\webapp\phpdocs\sys\autoload\functions.php on line 30
[11-Dec-2015 17:40:53 PRC] PHP Warning:  Invalid argument supplied for foreach() in D:\webapp\phpdocs\sys\autoload\functions.php on line 32
[11-Dec-2015 17:40:53 PRC] PHP Fatal error:  Class 'fly\fly\Request' not found in D:\webapp\phpdocs\app\index.php on line 24
[11-Dec-2015 17:40:53 PRC] PHP Warning:  include(D:\webapp\phpdocs\app\..\sys\autoload\loadpath.php): failed to open stream: No such file or directory in D:\webapp\phpdocs\sys\autoload\functions.php on line 11
[11-Dec-2015 17:40:53 PRC] PHP Warning:  include(): Failed opening 'D:\webapp\phpdocs\app\..\sys\autoload\loadpath.php' for inclusion (include_path='.;C:\php\pear') in D:\webapp\phpdocs\sys\autoload\functions.php on line 11
[11-Dec-2015 17:40:53 PRC] PHP Warning:  array_merge(): Argument #2 is not an array in D:\webapp\phpdocs\sys\autoload\functions.php on line 30
[11-Dec-2015 17:40:53 PRC] PHP Warning:  Invalid argument supplied for foreach() in D:\webapp\phpdocs\sys\autoload\functions.php on line 32
[11-Dec-2015 17:40:53 PRC] PHP Fatal error:  Class 'fly\fly\Request' not found in D:\webapp\phpdocs\app\index.php on line 24
[11-Dec-2015 17:57:46 PRC] PHP Fatal error:  Class 'fly\fly\Controller' not found in D:\webapp\phpdocs\app\controllers\Controller.php on line 9
[11-Dec-2015 17:57:46 PRC] PHP Fatal error:  Class 'fly\fly\Controller' not found in D:\webapp\phpdocs\app\controllers\Controller.php on line 9
[11-Dec-2015 18:03:12 PRC] PHP Fatal error:  Class 'fly\fly\Controller' not found in D:\webapp\phpdocs\app\controllers\Controller.php on line 9
[11-Dec-2015 18:03:12 PRC] PHP Fatal error:  Class 'fly\fly\Controller' not found in D:\webapp\phpdocs\app\controllers\Controller.php on line 9
[11-Dec-2015 18:14:52 PRC] PHP Fatal error:  Class 'fly\fly\SysException' not found in D:\webapp\phpdocs\sys\autoload\functions.php on line 23
[11-Dec-2015 18:14:52 PRC] PHP Fatal error:  Class 'fly\fly\SysException' not found in D:\webapp\phpdocs\sys\autoload\functions.php on line 23
[11-Dec-2015 18:26:00 PRC] PHP Fatal error:  Class 'fly\fly\SysException' not found in D:\webapp\phpdocs\sys\autoload\functions.php on line 40
[11-Dec-2015 18:26:00 PRC] PHP Fatal error:  Class 'fly\fly\SysException' not found in D:\webapp\phpdocs\sys\autoload\functions.php on line 40
[11-Dec-2015 18:26:04 PRC] PHP Fatal error:  Class 'fly\fly\SysException' not found in D:\webapp\phpdocs\sys\autoload\functions.php on line 40
[11-Dec-2015 18:26:04 PRC] PHP Fatal error:  Class 'fly\fly\SysException' not found in D:\webapp\phpdocs\sys\autoload\functions.php on line 40
[11-Dec-2015 18:26:08 PRC] PHP Fatal error:  Class 'fly\fly\SysException' not found in D:\webapp\phpdocs\sys\autoload\functions.php on line 40
[11-Dec-2015 18:26:08 PRC] PHP Fatal error:  Class 'fly\fly\SysException' not found in D:\webapp\phpdocs\sys\autoload\functions.php on line 40
[11-Dec-2015 18:29:02 PRC] PHP Fatal error:  Class 'fly\fly\SysException' not found in D:\webapp\phpdocs\sys\autoload\functions.php on line 42
[11-Dec-2015 18:29:02 PRC] PHP Fatal error:  Class 'fly\fly\SysException' not found in D:\webapp\phpdocs\sys\autoload\functions.php on line 42
[11-Dec-2015 18:29:03 PRC] PHP Fatal error:  Class 'fly\fly\SysException' not found in D:\webapp\phpdocs\sys\autoload\functions.php on line 42
[11-Dec-2015 18:29:03 PRC] PHP Fatal error:  Class 'fly\fly\SysException' not found in D:\webapp\phpdocs\sys\autoload\functions.php on line 42
[11-Dec-2015 18:29:04 PRC] PHP Fatal error:  Class 'fly\fly\SysException' not found in D:\webapp\phpdocs\sys\autoload\functions.php on line 42
[11-Dec-2015 18:29:04 PRC] PHP Fatal error:  Class 'fly\fly\SysException' not found in D:\webapp\phpdocs\sys\autoload\functions.php on line 42
[11-Dec-2015 18:29:04 PRC] PHP Fatal error:  Class 'fly\fly\SysException' not found in D:\webapp\phpdocs\sys\autoload\functions.php on line 42
[11-Dec-2015 18:29:04 PRC] PHP Fatal error:  Class 'fly\fly\SysException' not found in D:\webapp\phpdocs\sys\autoload\functions.php on line 42
[11-Dec-2015 18:29:05 PRC] PHP Fatal error:  Class 'fly\fly\SysException' not found in D:\webapp\phpdocs\sys\autoload\functions.php on line 42
[11-Dec-2015 18:29:05 PRC] PHP Fatal error:  Class 'fly\fly\SysException' not found in D:\webapp\phpdocs\sys\autoload\functions.php on line 42
[11-Dec-2015 18:41:32 PRC] PHP Warning:  include(D:\webapp\phpdocs\app\config\loadpath.php): failed to open stream: No such file or directory in D:\webapp\phpdocs\app\index.php on line 19
[11-Dec-2015 18:41:32 PRC] PHP Warning:  include(): Failed opening 'D:\webapp\phpdocs\app\config\loadpath.php' for inclusion (include_path='.;C:\php\pear') in D:\webapp\phpdocs\app\index.php on line 19
[11-Dec-2015 18:41:32 PRC] PHP Warning:  include(D:\webapp\phpdocs\app\config\loadpath.php): failed to open stream: No such file or directory in D:\webapp\phpdocs\app\index.php on line 19
[11-Dec-2015 18:41:32 PRC] PHP Warning:  include(): Failed opening 'D:\webapp\phpdocs\app\config\loadpath.php' for inclusion (include_path='.;C:\php\pear') in D:\webapp\phpdocs\app\index.php on line 19
[11-Dec-2015 18:41:33 PRC] PHP Warning:  include(D:\webapp\phpdocs\app\config\loadpath.php): failed to open stream: No such file or directory in D:\webapp\phpdocs\app\index.php on line 19
[11-Dec-2015 18:41:33 PRC] PHP Warning:  include(): Failed opening 'D:\webapp\phpdocs\app\config\loadpath.php' for inclusion (include_path='.;C:\php\pear') in D:\webapp\phpdocs\app\index.php on line 19
[11-Dec-2015 18:41:33 PRC] PHP Warning:  include(D:\webapp\phpdocs\app\config\loadpath.php): failed to open stream: No such file or directory in D:\webapp\phpdocs\app\index.php on line 19
[11-Dec-2015 18:41:33 PRC] PHP Warning:  include(): Failed opening 'D:\webapp\phpdocs\app\config\loadpath.php' for inclusion (include_path='.;C:\php\pear') in D:\webapp\phpdocs\app\index.php on line 19
